[17:13:12] [main/INFO]: Setting user: Player747
[17:13:15] [Client thread/INFO]: LWJGL Version: 2.9.1
[17:14:03] [Client thread/INFO]: Reloading ResourceManager: Default, FMLFil[17:14:22] [Server thread/INFO]: Loading properties
[17:14:23] [Server thread/INFO]: You need to agree to the EULA in order to run the server. Go to eula.txt for more info.
[Client thread/INFO]: Created: 16x16 textures/blocks-atlas
[17:14:08] [Client thread/INFO]: Created: 16x16 textures/items-atlas
[17:14:09] [Client thread/INFO]: Reloading ResourceManager: Default, FMLFileResourcePack:Forge Mod Loader, FMLFileResourcePack:Minecraft Forge, FMLFileResourcePack:Example Mod
[17:14:10] [Client thread/INFO]: Created: 512x256 textures/blocks-atlas
[17:14:10] [Client thread/INFO]: Created: 256x256 textures/items-atlas
[17:14:11] [Sound Library Loader/INFO]: Sound engine started
[17:22:39] [Client thread/INFO]: Connecting to localhost, 25565
[17:22:46] [Client thread/INFO]: Stopping!
oading properties
[17:19:13] [Server thread/INFO]: You need to agree to the EULA in order to run the server. Go to eula.txt for more info.
[17:19:53] [Server thread/INFO]: Starting minecraft server version 1.7.10
[17:20:15] [Server thread/INFO]: Loading properties
[17:20:16] [Server thread/INFO]: Default game type: SURVIVAL
[17:20:16] [Server thread/INFO]: Generating keypair
[17:20:16] [Server thread/INFO]: Starting Minecraft server on *:25565
[17:20:18] [Server thread/WARN]: Failed to load user banlist: 
java.io.FileNotFoundException: banned-players.json (Не удается найти указанный файл)
	at java.io.FileInputStream.open0(Native Method) ~[?:1.8.0_131]
	at java.io.FileInputStream.open(FileInputStream.java:195) ~[?:1.8.0_131]
	at java.io.FileInputStream.<init>(FileInputStream.java:138) ~[?:1.8.0_131]
	at com.google.common.io.Files.newReader(Files.java:86) ~[guava-17.0.jar:?]
	at net.minecraft.server.management.UserList.func_152679_g(UserList.java:195) ~[UserList.class:?]
	at net.minecraft.server.dedicated.DedicatedPlayerList.func_152620_y(DedicatedPlayerList.java:124) [DedicatedPlayerList.class:?]
	at net.minecraft.server.dedicated.DedicatedPlayerList.<init>(DedicatedPlayerList.java:31) [DedicatedPlayerList.class:?]
	at net.minecraft.server.dedicated.DedicatedServer.startServer(DedicatedServer.java:214) [DedicatedServer.class:?]
	at net.minecraft.server.MinecraftServer.run(MinecraftServer.java:445) [MinecraftServer.class:?]
	at net.minecraft.server.MinecraftServer$2.run(MinecraftServer.java:752) [MinecraftServer$2.class:?]
[17:20:18] [Server thread/WARN]: Failed to load ip banlist: 
java.io.FileNotFoundException: banned-ips.json (Не удается найти указанный файл)
	at java.io.FileInputStream.open0(Native Method) ~[?:1.8.0_131]
	at java.io.FileInputStream.open(FileInputStream.java:195) ~[?:1.8.0_131]
	at java.io.FileInputStream.<init>(FileInputStream.java:138) ~[?:1.8.0_131]
	at com.google.common.io.Files.newReader(Files.java:86) ~[guava-17.0.jar:?]
	at net.minecraft.server.management.UserList.func_152679_g(UserList.java:195) ~[UserList.class:?]
	at net.minecraft.server.dedicated.DedicatedPlayerList.func_152619_x(DedicatedPlayerList.java:112) [DedicatedPlayerList.class:?]
	at net.minecraft.server.dedicated.DedicatedPlayerList.<init>(DedicatedPlayerList.java:33) [DedicatedPlayerList.class:?]
	at net.minecraft.server.dedicated.DedicatedServer.startServer(DedicatedServer.java:214) [DedicatedServer.class:?]
	at net.minecraft.server.MinecraftServer.run(MinecraftServer.java:445) [MinecraftServer.class:?]
	at net.minecraft.server.MinecraftServer$2.run(MinecraftServer.java:752) [MinecraftServer$2.class:?]
[17:20:18] [Server thread/WARN]: Failed to load operators list: 
java.io.FileNotFoundException: ops.json (Не удается найти указанный файл)
	at java.io.FileInputStream.open0(Native Method) ~[?:1.8.0_131]
	at java.io.FileInputStream.open(FileInputStream.java:195) ~[?:1.8.0_131]
	at java.io.FileInputStream.<init>(FileInputStream.java:138) ~[?:1.8.0_131]
	at com.google.common.io.Files.newReader(Files.java:86) ~[guava-17.0.jar:?]
	at net.minecraft.server.management.UserList.func_152679_g(UserList.java:195) ~[UserList.class:?]
	at net.minecraft.server.dedicated.DedicatedPlayerList.loadOpsList(DedicatedPlayerList.java:136) [DedicatedPlayerList.class:?]
	at net.minecraft.server.dedicated.DedicatedPlayerList.<init>(DedicatedPlayerList.java:35) [DedicatedPlayerList.class:?]
	at net.minecraft.server.dedicated.DedicatedServer.startServer(DedicatedServer.java:214) [DedicatedServer.class:?]
	at net.minecraft.server.MinecraftServer.run(MinecraftServer.java:445) [MinecraftServer.class:?]
	at net.minecraft.server.MinecraftServer$2.run(MinecraftServer.java:752) [MinecraftServer$2.class:?]
[17:20:18] [Server thread/WARN]: Failed to load white-list: 
java.io.FileNotFoundException: whitelist.json (Не удается найти указанный файл)
	at java.io.FileInputStream.open0(Native Method) ~[?:1.8.0_131]
	at java.io.FileInputStream.open(FileInputStream.java:195) ~[?:1.8.0_131]
	at java.io.FileInputStream.<init>(FileInputStream.java:138) ~[?:1.8.0_131]
	at com.google.common.io.Files.newReader(Files.java:86) ~[guava-17.0.jar:?]
	at net.minecraft.server.management.UserList.func_152679_g(UserList.java:195) ~[UserList.class:?]
	at net.minecraft.server.dedicated.DedicatedPlayerList.readWhiteList(DedicatedPlayerList.java:160) [DedicatedPlayerList.class:?]
	at net.minecraft.server.dedicated.DedicatedPlayerList.<init>(DedicatedPlayerList.java:36) [DedicatedPlayerList.class:?]
	at net.minecraft.server.dedicated.DedicatedServer.startServer(DedicatedServer.java:214) [DedicatedServer.class:?]
	at net.minecraft.server.MinecraftServer.run(MinecraftServer.java:445) [MinecraftServer.class:?]
	at net.minecraft.server.MinecraftServer$2.run(MinecraftServer.java:752) [MinecraftServer$2.class:?]
[17:20:18] [Server thread/INFO]: Preparing level "world"
[17:20:20] [Server thread/INFO]: Preparing start region for level 0
[17:20:21] [Server thread/INFO]: Preparing spawn area: 3%
[17:20:22] [Server thread/INFO]: Preparing spawn area: 6%
[17:20:23] [Server thread/INFO]: Preparing spawn area: 8%
[17:20:24] [Server thread/INFO]: Preparing spawn area: 11%
[17:20:25] [Server thread/INFO]: Preparing spawn area: 14%
[17:20:26] [Server thread/INFO]: Preparing spawn area: 18%
[17:20:27] [Server thread/INFO]: Preparing spawn area: 24%
[17:20:28] [Server thread/INFO]: Preparing spawn area: 33%
[17:20:29] [Server thread/INFO]: Preparing spawn area: 40%
[17:20:30] [Server thread/INFO]: Preparing spawn area: 45%
[17:20:31] [Server thread/INFO]: Preparing spawn area: 51%
[17:20:32] [Server thread/INFO]: Preparing spawn area: 57%
[17:20:34] [Server thread/INFO]: Preparing spawn area: 64%
[17:20:35] [Server thread/INFO]: Preparing spawn area: 69%
[17:20:36] [Server thread/INFO]: Preparing spawn area: 77%
[17:20:37] [Server thread/INFO]: Preparing spawn area: 83%
[17:20:38] [Server thread/INFO]: Preparing spawn area: 89%
[17:20:39] [Server thread/INFO]: Preparing spawn area: 95%
[17:20:40] [Server thread/INFO]: Done (21,778s)! For help, type "help" or "?"
[17:22:41] [Server thread/INFO]: com.mojang.authlib.GameProfile@39b7bbe4[id=<null>,name=Player747,properties={},legacy=false] (/127.0.0.1:51743) lost connection: Disconnected
[17:24:42] [Server thread/INFO]: com.mojang.authlib.GameProfile@8ed0970[id=<null>,name=Player794,properties={},legacy=false] (/127.0.0.1:51837) lost connection: Disconnected
[17:24:48] [Server thread/INFO]: Stopping server
[17:24:48] [Server thread/INFO]: Saving players
[17:24:48] [Server thread/INFO]: Saving worlds
[17:24:48] [Server thread/INFO]: Saving chunks for level 'world'/Overworld
[17:24:48] [Server thread/INFO]: Saving chunks for level 'world'/Nether
[17:24:48] [Server thread/INFO]: Saving chunks for level 'world'/The End
efault, FMLFileResourcePack:Forge Mod Loader, FMLFileResourcePack:Minecraft Forge, FMLFileResourcePack:Example Mod
[17:23:51] [Client thread/INFO]: Created: 512x256 textures/blocks-atlas
[17:23:51] [Client thread/INFO]: Created: 256x256 textures/items-atlas
[17:23:52] [Sound Library Loader/INFO]: Sound engine started
[17:24:27] [Server thread/INFO]: Starting integrated minecraft server version 1.7.10
[17:24:27] [Server thread/INFO]: Generating keypair
[17:24:28] [Server thread/INFO]: Preparing start region for level 0
[17:24:29] [Server thread/INFO]: Preparing spawn area: 22%
[17:24:30] [Server thread/INFO]: Changing view distance to 12, from 10
[17:24:30] [Server thread/INFO]: Player794[local:E:ec35b1e0] logged in with entity id 281 at (-126.5519376161869, 70.0, 259.5516427654213)
[17:24:30] [Server thread/INFO]: Player794 присоединился к игре
[17:24:36] [Server thread/INFO]: §§3TestPlayer §§3роллит §§3навык §§3"rollName"(d5): 2=2  §§3§nИТОГО: §§3§n2
[17:24:36] [Client thread/INFO]: [CHAT] §§3TestPlayer §§3роллит §§3навык §§3"rollName"(d5): 2=2  §§3§nИТОГО: §§3§n2
[17:24:38] [Server thread/INFO]: Saving and pausing game...
[17:24:38] [Server thread/INFO]: Saving chunks for level 'Новый мир'/Overworld
[17:24:39] [Server thread/INFO]: Saving chunks for level 'Новый мир'/Nether
[17:24:39] [Server thread/INFO]: Saving chunks for level 'Новый мир'/The End
[17:24:39] [Server thread/INFO]: Stopping server
[17:24:39] [Server thread/INFO]: Saving players
[17:24:39] [Server thread/INFO]: Saving worlds
[17:24:39] [Server thread/INFO]: Saving chunks for level 'Новый мир'/Overworld
[17:24:39] [Server thread/INFO]: Saving chunks for level 'Новый мир'/Nether
[17:24:39] [Server thread/INFO]: Saving chunks for level 'Новый мир'/The End
[17:24:42] [Client thread/INFO]: Connecting to localhost, 25565
[17:26:59] [Client thread/INFO]: Connecting to localhost, 25565
[17:27:04] [Client thread/INFO]: [CHAT] §§3TestPlayer §§3роллит §§3навык §§3"rollName"(d5): 2=2  §§3§nИТОГО: §§3§n2
[17:27:20] [Client thread/INFO]: [CHAT] §§3TestPlayer §§3роллит §§3навык §§3"rollName"(d5): 3=3  §§3§nИТОГО: §§3§n3
[17:27:24] [Client thread/INFO]: [CHAT] §§3TestPlayer §§3роллит §§3навык §§3"rollName"(d5): 2=2  §§3§nИТОГО: §§3§n2
[17:27:25] [Client thread/INFO]: [CHAT] §§3TestPlayer §§3роллит §§3навык §§3"rollName"(d5): 1=1  §§3§nИТОГО: §§3§n1
[17:27:26] [Client thread/INFO]: [CHAT] §§3TestPlayer §§3роллит §§3навык §§3"rollName"(d5): 4=4  §§3§nИТОГО: §§3§n4
[17:27:26] [Client thread/INFO]: [CHAT] §§3TestPlayer §§3роллит §§3навык §§3"rollName"(d5): 1=1  §§3§nИТОГО: §§3§n1
[17:27:27] [Client thread/INFO]: [CHAT] §§3TestPlayer §§3роллит §§3навык §§3"rollName"(d5): 4=4  §§3§nИТОГО: §§3§n4
[17:27:28] [Client thread/INFO]: [CHAT] §§3TestPlayer §§3роллит §§3навык §§3"rollName"(d5): 1=1  §§3§nИТОГО: §§3§n1
[17:27:28] [Client thread/INFO]: [CHAT] §§3TestPlayer §§3роллит §§3навык §§3"rollName"(d5): 1=1  §§3§nИТОГО: §§3§n1
[17:27:29] [Client thread/INFO]: [CHAT] §§3TestPlayer §§3роллит §§3навык §§3"rollName"(d5): 1=1  §§3§nИТОГО: §§3§n1
[17:27:30] [Client thread/INFO]: [CHAT] §§3TestPlayer §§3роллит §§3навык §§3"rollName"(d5): 1=1  §§3§nИТОГО: §§3§n1
[17:27:31] [Client thread/INFO]: [CHAT] §§3TestPlayer §§3роллит §§3навык §§3"rollName"(d5): 3=3  §§3§nИТОГО: §§3§n3
[17:27:35] [Client thread/INFO]: [CHAT] §§3TestPlayer §§3роллит §§3навык §§3"rollName"(d5): 5+2=7  §§3§nИТОГО: §§3§n7
[17:27:36] [Client thread/INFO]: [CHAT] §§3TestPlayer §§3роллит §§3навык §§3"rollName"(d5): 2=2  §§3§nИТОГО: §§3§n2
[17:27:41] [Client thread/INFO]: Stopping!
O]: §§3TestPlayer §§3роллит §§3навык §§3"rollName"(d5): 1=1  §§3§nИТОГО: §§3§n1
[17:27:27] [Server thread/INFO]: §§3TestPlayer §§3роллит §§3навык §§3"rollName"(d5): 4=4  §§3§nИТОГО: §§3§n4
[17:27:27] [Server thread/INFO]: §§3TestPlayer §§3роллит §§3навык §§3"rollName"(d5): 1=1  §§3§nИТОГО: §§3§n1
[17:27:28] [Server thread/INFO]: §§3TestPlayer §§3роллит §§3навык §§3"rollName"(d5): 1=1  §§3§nИТОГО: §§3§n1
[17:27:29] [Server thread/INFO]: §§3TestPlayer §§3роллит §§3навык §§3"rollName"(d5): 1=1  §§3§nИТОГО: §§3§n1
[17:27:30] [Server thread/INFO]: §§3TestPlayer §§3роллит §§3навык §§3"rollName"(d5): 1=1  §§3§nИТОГО: §§3§n1
[17:27:31] [Server thread/INFO]: §§3TestPlayer §§3роллит §§3навык §§3"rollName"(d5): 3=3  §§3§nИТОГО: §§3§n3
[17:27:35] [Server thread/INFO]: §§3TestPlayer §§3роллит §§3навык §§3"rollName"(d5): 5+2=7  §§3§nИТОГО: §§3§n7
[17:27:36] [Server thread/INFO]: §§3TestPlayer §§3роллит §§3навык §§3"rollName"(d5): 2=2  §§3§nИТОГО: §§3§n2
[17:27:42] [Server thread/INFO]: Player794 lost connection: TranslatableComponent{key='disconnect.genericReason', args=[Internal Exception: java.io.IOException: Удаленный хост принудительно разорвал существующее подключение], siblings=[], style=Style{hasParent=false, color=null, bold=null, italic=null, underlined=null, obfuscated=null, clickEvent=null, hoverEvent=null}}
[17:27:42] [Server thread/INFO]: Player794 left the game
[17:27:44] [Server thread/INFO]: Stopping server
[17:27:44] [Server thread/INFO]: Saving players
[17:27:44] [Server thread/INFO]: Saving worlds
[17:27:44] [Server thread/INFO]: Saving chunks for level 'world'/Overworld
[17:27:44] [Server thread/INFO]: Saving chunks for level 'world'/Nether
[17:27:44] [Server thread/INFO]: Saving chunks for level 'world'/The End
